[debug] [2023-11-09T16:27:37.016Z] ----------------------------------------------------------------------
[debug] [2023-11-09T16:27:37.017Z] Command:       C:\Program Files\nodejs\node.exe C:\Users\x2cwingf\AppData\Roaming\npm\node_modules\firebase-tools\lib\bin\firebase.js init
[debug] [2023-11-09T16:27:37.018Z] CLI Version:   12.8.0
[debug] [2023-11-09T16:27:37.018Z] Platform:      win32
[debug] [2023-11-09T16:27:37.018Z] Node Version:  v18.18.0
[debug] [2023-11-09T16:27:37.019Z] Time:          Thu Nov 09 2023 11:27:37 GMT-0500 (Eastern Standard Time)
[debug] [2023-11-09T16:27:37.019Z] ----------------------------------------------------------------------
[debug] 
[debug] [2023-11-09T16:27:37.024Z] > command requires scopes: ["email","openid","https://www.googleapis.com/auth/cloudplatformprojects.readonly","https://www.googleapis.com/auth/firebase","https://www.googleapis.com/auth/cloud-platform"]
[debug] [2023-11-09T16:27:37.025Z] > authorizing via signed-in user (wingtek2020@gmail.com)
[info] 
     ######## #### ########  ######## ########     ###     ######  ########
     ##        ##  ##     ## ##       ##     ##  ##   ##  ##       ##
     ######    ##  ########  ######   ########  #########  ######  ######
     ##        ##  ##    ##  ##       ##     ## ##     ##       ## ##
     ##       #### ##     ## ######## ########  ##     ##  ######  ########

You're about to initialize a Firebase project in this directory:

  C:\Users\x2cwingf\OneDrive - Southern Company\Nucamp\WingTekNotions\client

[info] 
=== Project Setup
[info] 
[info] First, let's associate this project directory with a Firebase project.
[info] You can create multiple project aliases by running firebase use --add, 
[info] but for now we'll just set up a default project.
[info] 
[info] i  If you want to create a project in a Google Cloud organization or folder, please use "firebase projects:create" instead, and return to this command when you've created the project. 
[debug] [2023-11-09T16:28:12.904Z] >>> [apiv2][query] POST https://cloudresourcemanager.googleapis.com/v1/projects [none]
[debug] [2023-11-09T16:28:12.904Z] >>> [apiv2][body] POST https://cloudresourcemanager.googleapis.com/v1/projects {"projectId":"20231109cewProject","name":"20231109cewProject"}
[debug] [2023-11-09T16:28:13.378Z] <<< [apiv2][status] POST https://cloudresourcemanager.googleapis.com/v1/projects 400
[debug] [2023-11-09T16:28:13.378Z] <<< [apiv2][body] POST https://cloudresourcemanager.googleapis.com/v1/projects {"error":{"code":400,"message":"field [project_id] has issue [project_id contains invalid characters]","status":"INVALID_ARGUMENT","details":[{"@type":"type.googleapis.com/google.rpc.BadRequest","fieldViolations":[{"field":"project_id","description":"project_id contains invalid characters"}]},{"@type":"type.googleapis.com/google.rpc.Help","links":[{"url":"https://cloud.google.com/resource-manager/reference/rest/v1/projects"}]}]}}
[debug] [2023-11-09T16:28:13.737Z] FirebaseError: HTTP Error: 400, field [project_id] has issue [project_id contains invalid characters]
    at responseToError (C:\Users\x2cwingf\AppData\Roaming\npm\node_modules\firebase-tools\lib\responseToError.js:49:12)
    at RetryOperation._fn (C:\Users\x2cwingf\AppData\Roaming\npm\node_modules\firebase-tools\lib\apiv2.js:285:77)
    at process.processTicksAndRejections (node:internal/process/task_queues:95:5)
[error] 
[error] Error: Failed to create project. See firebase-debug.log for more info.
[debug] [2023-11-09T17:01:40.722Z] ----------------------------------------------------------------------
[debug] [2023-11-09T17:01:40.724Z] Command:       C:\Program Files\nodejs\node.exe C:\Users\x2cwingf\AppData\Roaming\npm\node_modules\firebase-tools\lib\bin\firebase.js init
[debug] [2023-11-09T17:01:40.724Z] CLI Version:   12.8.0
[debug] [2023-11-09T17:01:40.724Z] Platform:      win32
[debug] [2023-11-09T17:01:40.725Z] Node Version:  v18.18.0
[debug] [2023-11-09T17:01:40.726Z] Time:          Thu Nov 09 2023 12:01:40 GMT-0500 (Eastern Standard Time)
[debug] [2023-11-09T17:01:40.726Z] ----------------------------------------------------------------------
[debug] 
[debug] [2023-11-09T17:01:40.731Z] > command requires scopes: ["email","openid","https://www.googleapis.com/auth/cloudplatformprojects.readonly","https://www.googleapis.com/auth/firebase","https://www.googleapis.com/auth/cloud-platform"]
[debug] [2023-11-09T17:01:40.731Z] > authorizing via signed-in user (wingtek2020@gmail.com)
[info] 
     ######## #### ########  ######## ########     ###     ######  ########
     ##        ##  ##     ## ##       ##     ##  ##   ##  ##       ##
     ######    ##  ########  ######   ########  #########  ######  ######
     ##        ##  ##    ##  ##       ##     ## ##     ##       ## ##
     ##       #### ##     ## ######## ########  ##     ##  ######  ########

You're about to initialize a Firebase project in this directory:

  C:\Users\x2cwingf\OneDrive - Southern Company\Nucamp\WingTekNotions\client

[info] 
=== Project Setup
[info] 
[info] First, let's associate this project directory with a Firebase project.
[info] You can create multiple project aliases by running firebase use --add, 
[info] but for now we'll just set up a default project.
[info] 
[debug] [2023-11-09T17:02:06.766Z] > refreshing access token with scopes: []
[debug] [2023-11-09T17:02:06.769Z] >>> [apiv2][query] POST https://www.googleapis.com/oauth2/v3/token [none]
[debug] [2023-11-09T17:02:06.769Z] >>> [apiv2][body] POST https://www.googleapis.com/oauth2/v3/token [omitted]
[debug] [2023-11-09T17:02:07.366Z] <<< [apiv2][status] POST https://www.googleapis.com/oauth2/v3/token 200
[debug] [2023-11-09T17:02:07.366Z] <<< [apiv2][body] POST https://www.googleapis.com/oauth2/v3/token [omitted]
[debug] [2023-11-09T17:02:07.376Z] >>> [apiv2][query] GET https://firebase.googleapis.com/v1beta1/projects pageSize=100
[debug] [2023-11-09T17:02:08.386Z] <<< [apiv2][status] GET https://firebase.googleapis.com/v1beta1/projects 200
[debug] [2023-11-09T17:02:08.386Z] <<< [apiv2][body] GET https://firebase.googleapis.com/v1beta1/projects [omitted]
[info] i  Using project testchris-53118 (testChris) 
[info] 
=== Hosting Setup
[info] 
[info] Your public directory is the folder (relative to your project directory) that
[info] will contain Hosting assets to be uploaded with firebase deploy. If you
[info] have a build process for your assets, use your build's output directory.
[info] 
[debug] [2023-11-09T17:02:28.183Z] >>> [apiv2][query] GET https://www.gstatic.com/firebasejs/releases.json [none]
[debug] [2023-11-09T17:02:28.526Z] <<< [apiv2][status] GET https://www.gstatic.com/firebasejs/releases.json 200
[debug] [2023-11-09T17:02:28.526Z] <<< [apiv2][body] GET https://www.gstatic.com/firebasejs/releases.json {"current":{"version":"10.6.0","browserURL":"https://www.gstatic.com/firebasejs/10.6.0/firebase.js","packageURL":"https://www.gstatic.com/firebasejs/10.6.0/firebase.tgz"},"live":{"version":"10.6","browserURL":"https://www.gstatic.com/firebasejs/live/10.6/firebase.js","packageURL":"https://www.gstatic.com/firebasejs/live/10.6/firebase.tgz"},"components":{"analytics":"https://www.gstatic.com/firebasejs/10.6.0/firebase-analytics.js","app":"https://www.gstatic.com/firebasejs/10.6.0/firebase-app.js","app-check":"https://www.gstatic.com/firebasejs/10.6.0/firebase-app-check.js","auth":"https://www.gstatic.com/firebasejs/10.6.0/firebase-auth.js","auth/cordova":"https://www.gstatic.com/firebasejs/10.6.0/firebase-auth/cordova.js","functions":"https://www.gstatic.com/firebasejs/10.6.0/firebase-functions.js","firestore":"https://www.gstatic.com/firebasejs/10.6.0/firebase-firestore.js","firestore/lite":"https://www.gstatic.com/firebasejs/10.6.0/firebase-firestore/lite.js","installations":"https://www.gstatic.com/firebasejs/10.6.0/firebase-installations.js","storage":"https://www.gstatic.com/firebasejs/10.6.0/firebase-storage.js","performance":"https://www.gstatic.com/firebasejs/10.6.0/firebase-performance.js","remote-config":"https://www.gstatic.com/firebasejs/10.6.0/firebase-remote-config.js","messaging":"https://www.gstatic.com/firebasejs/10.6.0/firebase-messaging.js","messaging/sw":"https://www.gstatic.com/firebasejs/10.6.0/firebase-messaging/sw.js","database":"https://www.gstatic.com/firebasejs/10.6.0/firebase-database.js","firestore.memory":"https://www.gstatic.com/firebasejs/10.6.0/firebase-firestore.memory.js"}}
[info] +  Wrote y/index.html 
[info] 
[info] i  Detected a .git folder at C:\Users\x2cwingf\OneDrive - Southern Company\Nucamp\WingTekNotions\client 
[info] i  Authorizing with GitHub to upload your service account to a GitHub repository's secrets store. 
[info] 
[info] Visit this URL on this device to log in:
[info] https://github.com/login/oauth/authorize?client_id=89cf50f02ac6aaed3484&state=191722104&redirect_uri=http%3A%2F%2Flocalhost%3A9005&scope=read%3Auser%20repo%20public_repo
[info] 
[info] Waiting for authentication...
[debug] [2023-11-09T17:02:47.238Z] >>> [apiv2][query] POST https://github.com/login/oauth/access_token [none]
[debug] [2023-11-09T17:02:47.238Z] >>> [apiv2][body] POST https://github.com/login/oauth/access_token [stream]
[debug] [2023-11-09T17:02:47.639Z] <<< [apiv2][status] POST https://github.com/login/oauth/access_token 200
[debug] [2023-11-09T17:02:47.639Z] <<< [apiv2][body] POST https://github.com/login/oauth/access_token {"access_token":"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","token_type":"bearer","scope":"read:user,repo"}
[debug] [2023-11-09T17:02:47.652Z] >>> [apiv2][query] GET https://api.github.com/user [none]
[debug] [2023-11-09T17:02:48.061Z] <<< [apiv2][status] GET https://api.github.com/user 200
[debug] [2023-11-09T17:02:48.061Z] <<< [apiv2][body] GET https://api.github.com/user {"login":"wingtek2020","id":57592253,"node_id":"MDQ6VXNlcjU3NTkyMjUz","avatar_url":"https://avatars.githubusercontent.com/u/57592253?v=4","gravatar_id":"","url":"https://api.github.com/users/wingtek2020","html_url":"https://github.com/wingtek2020","followers_url":"https://api.github.com/users/wingtek2020/followers","following_url":"https://api.github.com/users/wingtek2020/following{/other_user}","gists_url":"https://api.github.com/users/wingtek2020/gists{/gist_id}","starred_url":"https://api.github.com/users/wingtek2020/starred{/owner}{/repo}","subscriptions_url":"https://api.github.com/users/wingtek2020/subscriptions","organizations_url":"https://api.github.com/users/wingtek2020/orgs","repos_url":"https://api.github.com/users/wingtek2020/repos","events_url":"https://api.github.com/users/wingtek2020/events{/privacy}","received_events_url":"https://api.github.com/users/wingtek2020/received_events","type":"User","site_admin":false,"name":null,"company":null,"blog":"","location":null,"email":null,"hireable":null,"bio":null,"twitter_username":null,"public_repos":3,"public_gists":0,"followers":0,"following":0,"created_at":"2019-11-10T13:31:08Z","updated_at":"2023-11-09T13:59:35Z","private_gists":0,"total_private_repos":8,"owned_private_repos":8,"disk_usage":682,"collaborators":0,"two_factor_authentication":false,"plan":{"name":"free","space":976562499,"collaborators":0,"private_repos":10000}}
[info] 
[info] +  Success! Logged into GitHub as wingtek2020 
[info] 
[debug] [2023-11-09T17:03:10.543Z] >>> [apiv2][query] GET https://api.github.com/repos/wingTekNotions/actions/secrets/public-key type=owner
[debug] [2023-11-09T17:03:10.970Z] <<< [apiv2][status] GET https://api.github.com/repos/wingTekNotions/actions/secrets/public-key 404
[debug] [2023-11-09T17:03:10.970Z] <<< [apiv2][body] GET https://api.github.com/repos/wingTekNotions/actions/secrets/public-key {"message":"Not Found","documentation_url":"https://docs.github.com/rest"}
[info] 
[info] 
[error] !  The provided authorization cannot be used with this repository. If this repository is in an organization, did you remember to grant access? 
[info] 
[info] i  Action required: Visit this URL to ensure access has been granted to the appropriate organization(s) for the Firebase CLI GitHub OAuth App: 
[info] https://github.com/settings/connections/applications/89cf50f02ac6aaed3484
[info] 
[debug] [2023-11-09T17:03:15.438Z] >>> [apiv2][query] GET https://api.github.com/repos/wingTekNotions/actions/secrets/public-key type=owner
[debug] [2023-11-09T17:03:15.842Z] <<< [apiv2][status] GET https://api.github.com/repos/wingTekNotions/actions/secrets/public-key 404
[debug] [2023-11-09T17:03:15.843Z] <<< [apiv2][body] GET https://api.github.com/repos/wingTekNotions/actions/secrets/public-key {"message":"Not Found","documentation_url":"https://docs.github.com/rest"}
[info] 
[info] 
[error] !  The provided authorization cannot be used with this repository. If this repository is in an organization, did you remember to grant access? 
[info] 
[info] i  Action required: Visit this URL to ensure access has been granted to the appropriate organization(s) for the Firebase CLI GitHub OAuth App: 
[info] https://github.com/settings/connections/applications/89cf50f02ac6aaed3484
[info] 
[debug] [2023-11-09T17:03:48.037Z] >>> [apiv2][query] GET https://api.github.com/repos/wingTekNotions/actions/secrets/public-key type=owner
[debug] [2023-11-09T17:03:48.558Z] <<< [apiv2][status] GET https://api.github.com/repos/wingTekNotions/actions/secrets/public-key 404
[debug] [2023-11-09T17:03:48.558Z] <<< [apiv2][body] GET https://api.github.com/repos/wingTekNotions/actions/secrets/public-key {"message":"Not Found","documentation_url":"https://docs.github.com/rest"}
[info] 
[info] 
[error] !  The provided authorization cannot be used with this repository. If this repository is in an organization, did you remember to grant access? 
[info] 
[info] i  Action required: Visit this URL to ensure access has been granted to the appropriate organization(s) for the Firebase CLI GitHub OAuth App: 
[info] https://github.com/settings/connections/applications/89cf50f02ac6aaed3484
[info] 
